TN:
SF:/home/prashant/Desktop/social/Utility.js
FN:9,(anonymous_0)
FN:12,(anonymous_1)
FN:19,(anonymous_2)
FN:25,(anonymous_3)
FN:41,(anonymous_4)
FN:44,(anonymous_5)
FN:51,(anonymous_6)
FN:63,(anonymous_7)
FN:74,(anonymous_8)
FN:83,(anonymous_9)
FN:96,(anonymous_10)
FN:101,(anonymous_11)
FN:104,(anonymous_12)
FN:108,(anonymous_13)
FN:110,(anonymous_14)
FN:125,(anonymous_15)
FN:130,(anonymous_16)
FN:132,(anonymous_17)
FNF:18
FNH:8
FNDA:4,(anonymous_0)
FNDA:4,(anonymous_1)
FNDA:1,(anonymous_2)
FNDA:3,(anonymous_3)
FNDA:0,(anonymous_4)
FNDA:0,(anonymous_5)
FNDA:2,(anonymous_6)
FNDA:1,(anonymous_7)
FNDA:1,(anonymous_8)
FNDA:1,(anonymous_9)
FNDA:0,(anonymous_10)
FNDA:0,(anonymous_11)
FNDA:0,(anonymous_12)
FNDA:0,(anonymous_13)
FNDA:0,(anonymous_14)
FNDA:0,(anonymous_15)
FNDA:0,(anonymous_16)
FNDA:0,(anonymous_17)
DA:1,1
DA:2,1
DA:3,1
DA:4,1
DA:5,1
DA:9,1
DA:10,4
DA:13,4
DA:14,0
DA:19,1
DA:20,1
DA:21,1
DA:22,3
DA:23,3
DA:24,3
DA:25,3
DA:26,3
DA:27,0
DA:30,3
DA:31,3
DA:32,3
DA:33,1
DA:41,1
DA:42,0
DA:45,0
DA:46,0
DA:50,1
DA:53,2
DA:54,2
DA:55,1
DA:58,1
DA:59,1
DA:60,1
DA:63,1
DA:64,1
DA:65,0
DA:67,1
DA:76,1
DA:78,1
DA:79,0
DA:83,1
DA:84,1
DA:85,1
DA:88,0
DA:98,0
DA:99,0
DA:101,0
DA:103,0
DA:106,0
DA:110,0
DA:111,0
DA:112,0
DA:115,0
DA:119,0
DA:127,0
DA:128,0
DA:130,0
DA:132,0
DA:133,0
DA:134,0
DA:136,0
LF:61
LH:36
BRDA:13,0,0,4
BRDA:13,0,1,0
BRDA:26,1,0,0
BRDA:26,1,1,3
BRDA:32,2,0,1
BRDA:32,2,1,2
BRDA:45,3,0,0
BRDA:45,3,1,0
BRDA:54,4,0,1
BRDA:54,4,1,1
BRDA:64,5,0,0
BRDA:64,5,1,1
BRDA:78,6,0,0
BRDA:78,6,1,1
BRDA:84,7,0,1
BRDA:84,7,1,0
BRDA:111,8,0,0
BRDA:111,8,1,0
BRDA:133,9,0,0
BRDA:133,9,1,0
BRF:20
BRH:9
end_of_record
TN:
SF:/home/prashant/Desktop/social/server.js
FN:25,(anonymous_0)
FN:47,(anonymous_1)
FNF:2
FNH:2
FNDA:1,(anonymous_0)
FNDA:1,(anonymous_1)
DA:1,1
DA:2,1
DA:3,1
DA:4,1
DA:5,1
DA:6,1
DA:7,1
DA:10,1
DA:13,1
DA:14,1
DA:17,1
DA:20,1
DA:25,1
DA:26,1
DA:32,1
DA:35,1
DA:38,1
DA:41,1
DA:45,1
DA:46,1
DA:47,1
DA:48,1
DA:49,1
DA:51,1
LF:24
LH:24
BRF:0
BRH:0
end_of_record
